<?xml version="1.0" encoding="UTF-8"?>
<robot generator="Robot 6.0.2 (Python 3.11.6 on darwin)" generated="20231103 08:45:24.245" rpa="false" schemaversion="3">
<suite id="s1" name="Test Example" source="/Users/peterm/workspace/energieinstitut/src/collective.tiles.carousel/src/collective/tiles/carousel/tests/robot/test_example.robot">
<test id="s1-t1" name="Scenario: As a member I want to be able to log into the website" line="37">
<kw name="Open test browser" library="selenium" type="SETUP">
<kw name="Open Browser" library="Selenium2Library">
<arg>${START_URL}</arg>
<arg>${BROWSER}</arg>
<arg>remote_url=${REMOTE_URL}</arg>
<arg>desired_capabilities=${DESIRED_CAPABILITIES}</arg>
<arg>ff_profile_dir=${FF_PROFILE_DIR}</arg>
<doc>Opens a new browser instance to the optional ``url``.</doc>
<msg timestamp="20231103 08:45:24.421" level="INFO">Opening browser 'headlesschrome' to base url 'http://localhost:60020/plone'.</msg>
<msg timestamp="20231103 08:45:25.823" level="INFO">/Users/peterm/workspace/energieinstitut/src/collective.tiles.carousel/.tox/test/lib/python3.11/site-packages/SeleniumLibrary/keywords/webdrivertools/webdrivertools.py:165: DeprecationWarning: headless property is deprecated, instead use add_argument('--headless') or add_argument('--headless=new')
  options.headless = True</msg>
<status status="PASS" starttime="20231103 08:45:24.420" endtime="20231103 08:45:25.823"/>
</kw>
<status status="PASS" starttime="20231103 08:45:24.420" endtime="20231103 08:45:25.823"/>
</kw>
<kw name="Given a login form">
<kw name="Go To" library="Selenium2Library">
<arg>${PLONE_URL}/login_form</arg>
<doc>Navigates the current browser window to the provided ``url``.</doc>
<msg timestamp="20231103 08:45:25.823" level="INFO">Opening url 'http://localhost:60020/plone/login_form'</msg>
<status status="PASS" starttime="20231103 08:45:25.823" endtime="20231103 08:45:26.155"/>
</kw>
<kw name="Wait Until Page Contains" library="Selenium2Library">
<arg>Login Name</arg>
<doc>Waits until ``text`` appears on the current page.</doc>
<status status="PASS" starttime="20231103 08:45:26.155" endtime="20231103 08:45:26.162"/>
</kw>
<kw name="Wait Until Page Contains" library="Selenium2Library">
<arg>Password</arg>
<doc>Waits until ``text`` appears on the current page.</doc>
<status status="PASS" starttime="20231103 08:45:26.162" endtime="20231103 08:45:26.168"/>
</kw>
<status status="PASS" starttime="20231103 08:45:25.823" endtime="20231103 08:45:26.168"/>
</kw>
<kw name="When I enter valid credentials">
<kw name="Input Text" library="Selenium2Library">
<arg>__ac_name</arg>
<arg>admin</arg>
<doc>Types the given ``text`` into the text field identified by ``locator``.</doc>
<msg timestamp="20231103 08:45:26.169" level="INFO">Typing text 'admin' into text field '__ac_name'.</msg>
<status status="PASS" starttime="20231103 08:45:26.168" endtime="20231103 08:45:26.257"/>
</kw>
<kw name="Input Text" library="Selenium2Library">
<arg>__ac_password</arg>
<arg>secret</arg>
<doc>Types the given ``text`` into the text field identified by ``locator``.</doc>
<msg timestamp="20231103 08:45:26.257" level="INFO">Typing text 'secret' into text field '__ac_password'.</msg>
<status status="PASS" starttime="20231103 08:45:26.257" endtime="20231103 08:45:26.295"/>
</kw>
<kw name="Click Button" library="Selenium2Library">
<arg>Log in</arg>
<doc>Clicks the button identified by ``locator``.</doc>
<msg timestamp="20231103 08:45:26.295" level="INFO">Clicking button 'Log in'.</msg>
<status status="PASS" starttime="20231103 08:45:26.295" endtime="20231103 08:45:27.165"/>
</kw>
<status status="PASS" starttime="20231103 08:45:26.168" endtime="20231103 08:45:27.165"/>
</kw>
<kw name="Then I am logged in">
<kw name="Wait Until Page Contains" library="Selenium2Library">
<arg>You are now logged in</arg>
<doc>Waits until ``text`` appears on the current page.</doc>
<status status="PASS" starttime="20231103 08:45:27.166" endtime="20231103 08:45:27.171"/>
</kw>
<kw name="Page Should Contain" library="Selenium2Library">
<arg>You are now logged in</arg>
<doc>Verifies that current page contains ``text``.</doc>
<msg timestamp="20231103 08:45:27.175" level="INFO">Current page contains text 'You are now logged in'.</msg>
<status status="PASS" starttime="20231103 08:45:27.171" endtime="20231103 08:45:27.175"/>
</kw>
<status status="PASS" starttime="20231103 08:45:27.165" endtime="20231103 08:45:27.175"/>
</kw>
<kw name="Close All Browsers" library="Selenium2Library" type="TEARDOWN">
<doc>Closes all open browsers and resets the browser cache.</doc>
<status status="PASS" starttime="20231103 08:45:27.175" endtime="20231103 08:45:27.240"/>
</kw>
<doc>Example of a BDD-style (Behavior-driven development) test.</doc>
<status status="PASS" starttime="20231103 08:45:24.420" endtime="20231103 08:45:27.240"/>
</test>
<status status="PASS" starttime="20231103 08:45:24.245" endtime="20231103 08:45:27.240"/>
</suite>
<statistics>
<total>
<stat pass="1" fail="0" skip="0">All Tests</stat>
</total>
<tag>
</tag>
<suite>
<stat pass="1" fail="0" skip="0" id="s1" name="Test Example">Test Example</stat>
</suite>
</statistics>
<errors>
</errors>
</robot>
